Using pre-set license
Built from '2021.1/release' branch; Version is '2021.1.0f1 (61a549675243) revision 6399305'; Using compiler version '192528614'; Build Type 'Release'
OS: 'Windows 10 Home; OS build 19042.1466; Version 2009; 64bit' Language: 'en' Physical Memory: 32678 MB
BatchMode: 1, IsHumanControllingUs: 0, StartBugReporterOnCrash: 0, Is64bit: 1, IsPro: 0

 COMMAND LINE ARGUMENTS:
E:\Unity\2021.1.0f1\Editor\Unity.exe
-adb2
-batchMode
-noUpm
-name
AssetImportWorker0
-projectPath
C:/Users/Jacob/Desktop/Temp Project/Test Boi
-logFile
Logs/AssetImportWorker0.log
-srvPort
56483
Successfully changed project path to: C:/Users/Jacob/Desktop/Temp Project/Test Boi
C:/Users/Jacob/Desktop/Temp Project/Test Boi
Using Asset Import Pipeline V2.
Refreshing native plugins compatible for Editor in 92.69 ms, found 1 plugins.
Preloading 0 native plugins for Editor in 0.00 ms.
Initialize engine version: 2021.1.0f1 (61a549675243)
[Subsystems] Discovering subsystems at path E:/Unity/2021.1.0f1/Editor/Data/Resources/UnitySubsystems
[Subsystems] Discovering subsystems at path C:/Users/Jacob/Desktop/Temp Project/Test Boi/Assets
GfxDevice: creating device client; threaded=0; jobified=0
Direct3D:
    Version:  Direct3D 11.0 [level 11.1]
    Renderer: NVIDIA GeForce RTX 3080 Ti (ID=0x2208)
    Vendor:   NVIDIA
    VRAM:     12108 MB
    Driver:   30.0.14.9709
Initialize mono
Mono path[0] = 'E:/Unity/2021.1.0f1/Editor/Data/Managed'
Mono path[1] = 'E:/Unity/2021.1.0f1/Editor/Data/MonoBleedingEdge/lib/mono/unityjit'
Mono config path = 'E:/Unity/2021.1.0f1/Editor/Data/MonoBleedingEdge/etc'
Using monoOptions --debugger-agent=transport=dt_socket,embedding=1,server=y,suspend=n,address=127.0.0.1:56392
Begin MonoManager ReloadAssembly
Registering precompiled unity dll's ...
Register platform support module: E:/Unity/2021.1.0f1/Editor/Data/PlaybackEngines/WebGLSupport/UnityEditor.WebGL.Extensions.dll
Register platform support module: E:/Unity/2021.1.0f1/Editor/Data/PlaybackEngines/WindowsStandaloneSupport/UnityEditor.WindowsStandalone.Extensions.dll
Registered in 0.001992 seconds.
Native extension for WindowsStandalone target not found
Native extension for WebGL target not found
Refreshing native plugins compatible for Editor in 96.47 ms, found 1 plugins.
Preloading 0 native plugins for Editor in 0.00 ms.
Mono: successfully reloaded assembly
- Completed reload, in  3.620 seconds
Platform modules already initialized, skipping
Registering precompiled user dll's ...
Registered in 0.004587 seconds.
Begin MonoManager ReloadAssembly
Native extension for WindowsStandalone target not found
Native extension for WebGL target not found
Refreshing native plugins compatible for Editor in 0.53 ms, found 1 plugins.
Preloading 0 native plugins for Editor in 0.00 ms.
Mono: successfully reloaded assembly
- Completed reload, in  1.181 seconds
Platform modules already initialized, skipping
========================================================================
Worker process is ready to serve import requests
Launched and connected shader compiler UnityShaderCompiler.exe after 0.05 seconds
Refreshing native plugins compatible for Editor in 0.56 ms, found 1 plugins.
Preloading 0 native plugins for Editor in 0.00 ms.
Unloading 2691 Unused Serialized files (Serialized files now loaded: 0)
System memory in use before: 100.4 MB.
System memory in use after: 100.6 MB.

Unloading 15 unused Assets to reduce memory usage. Loaded Objects now: 3143.
Total: 2.213700 ms (FindLiveObjects: 0.261600 ms CreateObjectMapping: 0.078200 ms MarkObjects: 1.792600 ms  DeleteObjects: 0.080200 ms)

========================================================================
Received Import Request.
  path: Assets/Models/Coin.prefab
  artifactKey: Guid(5cf53f00774514e499bf423f565a86a2) Importer(815301076,1909f56bfc062723c751e8b465ee728b)
Start importing Assets/Models/Coin.prefab using Guid(5cf53f00774514e499bf423f565a86a2) Importer(815301076,1909f56bfc062723c751e8b465ee728b)  -> (artifact id: '9e16148ab126079605a296185badf634') in 0.247403 seconds 
========================================================================
Received Import Request.
  Time since last request: 0.000191 seconds.
  path: Assets/Models/Flag.prefab
  artifactKey: Guid(f8568d8c1ab680c4283d45b1568debf2) Importer(815301076,1909f56bfc062723c751e8b465ee728b)
Start importing Assets/Models/Flag.prefab using Guid(f8568d8c1ab680c4283d45b1568debf2) Importer(815301076,1909f56bfc062723c751e8b465ee728b)  -> (artifact id: '76b63cd3567e074de9c173ebc7658dd6') in 0.045896 seconds 
========================================================================
Received Import Request.
  Time since last request: 72.663426 seconds.
  path: Assets/ExampleAssets/Textures/Props/Construction_Light/ConstructionLight_Albedo.tif
  artifactKey: Guid(2ec6e1532acb1254f9f3797b5d82db44) Importer(815301076,1909f56bfc062723c751e8b465ee728b)
Start importing Assets/ExampleAssets/Textures/Props/Construction_Light/ConstructionLight_Albedo.tif using Guid(2ec6e1532acb1254f9f3797b5d82db44) Importer(815301076,1909f56bfc062723c751e8b465ee728b)  -> (artifact id: 'ef7383df8b366b80ad3e5b1163b63b61') in 0.045702 seconds 
========================================================================
Received Import Request.
  Time since last request: 0.000298 seconds.
  path: Assets/ExampleAssets/Textures/Props/Jigsaw/Jigsaw_MetallicOcculusionSmoothness.tif
  artifactKey: Guid(3017ed6fed9d3bb49ba99bf738e2d626) Importer(815301076,1909f56bfc062723c751e8b465ee728b)
Start importing Assets/ExampleAssets/Textures/Props/Jigsaw/Jigsaw_MetallicOcculusionSmoothness.tif using Guid(3017ed6fed9d3bb49ba99bf738e2d626) Importer(815301076,1909f56bfc062723c751e8b465ee728b)  -> (artifact id: '6fd8cfbd671b3d0d023244104841a446') in 0.026568 seconds 
========================================================================
Received Import Request.
  Time since last request: 0.000450 seconds.
  path: Assets/ExampleAssets/Textures/Props/Hammer/Hammer_MetallicOcculusionSmoothness.tif
  artifactKey: Guid(6c509e4ae024b5e4faeefb92dab5c812) Importer(815301076,1909f56bfc062723c751e8b465ee728b)
Start importing Assets/ExampleAssets/Textures/Props/Hammer/Hammer_MetallicOcculusionSmoothness.tif using Guid(6c509e4ae024b5e4faeefb92dab5c812) Importer(815301076,1909f56bfc062723c751e8b465ee728b)  -> (artifact id: '717c937e26adb8282a7c59ace5cdc63b') in 0.041803 seconds 
========================================================================
Received Import Request.
  Time since last request: 0.000149 seconds.
  path: Assets/ExampleAssets/Textures/Props/Construction_Light/ConstructionLight_MetallicOcculusionSmoothness.tif
  artifactKey: Guid(9a81f1a59f171804e84fce76584bdcb7) Importer(815301076,1909f56bfc062723c751e8b465ee728b)
Start importing Assets/ExampleAssets/Textures/Props/Construction_Light/ConstructionLight_MetallicOcculusionSmoothness.tif using Guid(9a81f1a59f171804e84fce76584bdcb7) Importer(815301076,1909f56bfc062723c751e8b465ee728b)  -> (artifact id: '5c3f3ff47e636204644aa4f9cab44e26') in 0.021663 seconds 
========================================================================
Received Import Request.
  Time since last request: 0.000203 seconds.
  path: Assets/ExampleAssets/Textures/Plastic/Elastic_MetallicOcculusionSmoothness.tif
  artifactKey: Guid(f5df2fb0c070b57429f8ca23b216093b) Importer(815301076,1909f56bfc062723c751e8b465ee728b)
Start importing Assets/ExampleAssets/Textures/Plastic/Elastic_MetallicOcculusionSmoothness.tif using Guid(f5df2fb0c070b57429f8ca23b216093b) Importer(815301076,1909f56bfc062723c751e8b465ee728b)  -> (artifact id: 'e02d401ac4f7381f31f024de5bc915c6') in 0.020999 seconds 
========================================================================
Received Import Request.
  Time since last request: 0.000275 seconds.
  path: Assets/TextMesh Pro/Sprites/EmojiOne.png
  artifactKey: Guid(dffef66376be4fa480fb02b19edbe903) Importer(815301076,1909f56bfc062723c751e8b465ee728b)
Start importing Assets/TextMesh Pro/Sprites/EmojiOne.png using Guid(dffef66376be4fa480fb02b19edbe903) Importer(815301076,1909f56bfc062723c751e8b465ee728b)  -> (artifact id: '5192dfa6ec2f5d61bb4aca02d99d49be') in 0.019742 seconds 
========================================================================
Received Import Request.
  Time since last request: 0.000165 seconds.
  path: Assets/ExampleAssets/Textures/Concrete/Ground_MetallicOcculusionSmoothness.tif
  artifactKey: Guid(a8d38587573a5f34c91c4ae0fbd8bfef) Importer(815301076,1909f56bfc062723c751e8b465ee728b)
Start importing Assets/ExampleAssets/Textures/Concrete/Ground_MetallicOcculusionSmoothness.tif using Guid(a8d38587573a5f34c91c4ae0fbd8bfef) Importer(815301076,1909f56bfc062723c751e8b465ee728b)  -> (artifact id: 'bfc2035aea3606b9e95e693bfebe68a1') in 0.019565 seconds 
========================================================================
Received Import Request.
  Time since last request: 0.000385 seconds.
  path: Assets/TextMesh Pro/Resources/Fonts & Materials/LiberationSans SDF - Fallback.asset
  artifactKey: Guid(2e498d1c8094910479dc3e1b768306a4) Importer(815301076,1909f56bfc062723c751e8b465ee728b)
Start importing Assets/TextMesh Pro/Resources/Fonts & Materials/LiberationSans SDF - Fallback.asset using Guid(2e498d1c8094910479dc3e1b768306a4) Importer(815301076,1909f56bfc062723c751e8b465ee728b)  -> (artifact id: '5b3656c08bb076f182532508a4852abf') in 0.063259 seconds 
========================================================================
Received Import Request.
  Time since last request: 0.000166 seconds.
  path: Assets/ExampleAssets/Textures/Drywall/Drywall_AlbedoSmoothness.tif
  artifactKey: Guid(3e11968c372730442aae3b4f7c909931) Importer(815301076,1909f56bfc062723c751e8b465ee728b)
Start importing Assets/ExampleAssets/Textures/Drywall/Drywall_AlbedoSmoothness.tif using Guid(3e11968c372730442aae3b4f7c909931) Importer(815301076,1909f56bfc062723c751e8b465ee728b)  -> (artifact id: '3e385fb84a33c2f8f157bee76fa9299e') in 0.020056 seconds 
========================================================================
Received Import Request.
  Time since last request: 0.000206 seconds.
  path: Assets/ExampleAssets/Textures/Drywall/Drywall_Normal.tif
  artifactKey: Guid(e231e4c02c48ee14aafa55f7b1a843c1) Importer(815301076,1909f56bfc062723c751e8b465ee728b)
Start importing Assets/ExampleAssets/Textures/Drywall/Drywall_Normal.tif using Guid(e231e4c02c48ee14aafa55f7b1a843c1) Importer(815301076,1909f56bfc062723c751e8b465ee728b)  -> (artifact id: '249665dcc916d3065b907d854ddb8085') in 0.033135 seconds 
========================================================================
Received Import Request.
  Time since last request: 0.000172 seconds.
  path: Assets/ExampleAssets/Textures/Concrete/Ground_Albedo.tif
  artifactKey: Guid(87ce03bd447ccce48bbff87ac0d8355f) Importer(815301076,1909f56bfc062723c751e8b465ee728b)
Start importing Assets/ExampleAssets/Textures/Concrete/Ground_Albedo.tif using Guid(87ce03bd447ccce48bbff87ac0d8355f) Importer(815301076,1909f56bfc062723c751e8b465ee728b)  -> (artifact id: '80e4527acac066607d4c3ae386ed8333') in 0.018829 seconds 
========================================================================
Received Import Request.
  Time since last request: 0.000372 seconds.
  path: Assets/ExampleAssets/Textures/Plastic/Elastic_Normal.tif
  artifactKey: Guid(db17334dfe5991a4bbe241ee9a728c38) Importer(815301076,1909f56bfc062723c751e8b465ee728b)
Start importing Assets/ExampleAssets/Textures/Plastic/Elastic_Normal.tif using Guid(db17334dfe5991a4bbe241ee9a728c38) Importer(815301076,1909f56bfc062723c751e8b465ee728b)  -> (artifact id: 'fabca29e0b1b2e1cd58cf1c236a543a3') in 0.021090 seconds 
========================================================================
Received Import Request.
  Time since last request: 0.000206 seconds.
  path: Assets/ExampleAssets/Textures/Props/Jigsaw/Jigsaw_Albedo.tif
  artifactKey: Guid(49e1455739fadc54d8128f2571fff386) Importer(815301076,1909f56bfc062723c751e8b465ee728b)
Start importing Assets/ExampleAssets/Textures/Props/Jigsaw/Jigsaw_Albedo.tif using Guid(49e1455739fadc54d8128f2571fff386) Importer(815301076,1909f56bfc062723c751e8b465ee728b)  -> (artifact id: 'f31c5973df83d86dec0f88aab6a4ac34') in 0.022275 seconds 
========================================================================
Received Import Request.
  Time since last request: 0.000245 seconds.
  path: Assets/TextMesh Pro/Resources/Fonts & Materials/LiberationSans SDF.asset
  artifactKey: Guid(8f586378b4e144a9851e7b34d9b748ee) Importer(815301076,1909f56bfc062723c751e8b465ee728b)
Start importing Assets/TextMesh Pro/Resources/Fonts & Materials/LiberationSans SDF.asset using Guid(8f586378b4e144a9851e7b34d9b748ee) Importer(815301076,1909f56bfc062723c751e8b465ee728b)  -> (artifact id: '3f4fd5d71775aab4f852abd4fedaf5ac') in 0.041127 seconds 
========================================================================
Received Import Request.
  Time since last request: 0.000228 seconds.
  path: Assets/ExampleAssets/Textures/Metal/Metal_Albedo.tif
  artifactKey: Guid(77583f99dea53b641804bb357092ec83) Importer(815301076,1909f56bfc062723c751e8b465ee728b)
Start importing Assets/ExampleAssets/Textures/Metal/Metal_Albedo.tif using Guid(77583f99dea53b641804bb357092ec83) Importer(815301076,1909f56bfc062723c751e8b465ee728b)  -> (artifact id: '6e3c9c0e6ce1a5bd893b11ec605e3dc1') in 0.020294 seconds 
========================================================================
Received Import Request.
  Time since last request: 0.000189 seconds.
  path: Assets/ExampleAssets/Textures/Props/Jigsaw/Jigsaw_Normal.tif
  artifactKey: Guid(06969fc081d8cc146af6634f75abe652) Importer(815301076,1909f56bfc062723c751e8b465ee728b)
Start importing Assets/ExampleAssets/Textures/Props/Jigsaw/Jigsaw_Normal.tif using Guid(06969fc081d8cc146af6634f75abe652) Importer(815301076,1909f56bfc062723c751e8b465ee728b)  -> (artifact id: '656fb6a9454d509fbad834a006b2b573') in 0.020890 seconds 
========================================================================
Received Import Request.
  Time since last request: 0.000264 seconds.
  path: Assets/ExampleAssets/Textures/Drywall/Drywall_Albedo.tif
  artifactKey: Guid(eae496078d11426448124eaf8b285e6b) Importer(815301076,1909f56bfc062723c751e8b465ee728b)
Start importing Assets/ExampleAssets/Textures/Drywall/Drywall_Albedo.tif using Guid(eae496078d11426448124eaf8b285e6b) Importer(815301076,1909f56bfc062723c751e8b465ee728b)  -> (artifact id: '10d0ae6d12e47ff4da1b1e4bdad27bcf') in 0.018895 seconds 
========================================================================
Received Import Request.
  Time since last request: 0.000190 seconds.
  path: Assets/ExampleAssets/Textures/Props/Hammer/Hammer_Albedo.tif
  artifactKey: Guid(59c8de363dc14c54986d0751c2c38342) Importer(815301076,1909f56bfc062723c751e8b465ee728b)
Start importing Assets/ExampleAssets/Textures/Props/Hammer/Hammer_Albedo.tif using Guid(59c8de363dc14c54986d0751c2c38342) Importer(815301076,1909f56bfc062723c751e8b465ee728b)  -> (artifact id: '59debd9556f193415413efe1748f62fe') in 0.022612 seconds 
========================================================================
Received Import Request.
  Time since last request: 0.000331 seconds.
  path: Assets/ExampleAssets/Textures/Props/Hammer/Hammer_Normal.tif
  artifactKey: Guid(c517a9b1527aec343806327b47ad22df) Importer(815301076,1909f56bfc062723c751e8b465ee728b)
Start importing Assets/ExampleAssets/Textures/Props/Hammer/Hammer_Normal.tif using Guid(c517a9b1527aec343806327b47ad22df) Importer(815301076,1909f56bfc062723c751e8b465ee728b)  -> (artifact id: 'c31db5fe673c54d09b8994dfb4abc8c7') in 0.020834 seconds 
========================================================================
Received Import Request.
  Time since last request: 0.000260 seconds.
  path: Assets/ExampleAssets/Textures/Concrete/Ground_Normal.tif
  artifactKey: Guid(fab85e0cacda9644a99e5182a86b71f5) Importer(815301076,1909f56bfc062723c751e8b465ee728b)
Start importing Assets/ExampleAssets/Textures/Concrete/Ground_Normal.tif using Guid(fab85e0cacda9644a99e5182a86b71f5) Importer(815301076,1909f56bfc062723c751e8b465ee728b)  -> (artifact id: '158785de64b9869548e8a8f35fb3fc67') in 0.022732 seconds 
========================================================================
Received Import Request.
  Time since last request: 0.000218 seconds.
  path: Assets/ExampleAssets/Textures/Drywall/DrywallPainted_Normal.tif
  artifactKey: Guid(2cd242c9999e92b4ca96dab876cfaf13) Importer(815301076,1909f56bfc062723c751e8b465ee728b)
Start importing Assets/ExampleAssets/Textures/Drywall/DrywallPainted_Normal.tif using Guid(2cd242c9999e92b4ca96dab876cfaf13) Importer(815301076,1909f56bfc062723c751e8b465ee728b)  -> (artifact id: 'e3095a0856e11348daf9697023793b1a') in 0.019022 seconds 
========================================================================
Received Import Request.
  Time since last request: 5.355499 seconds.
  path: Assets/Models/Etsy Logo.png
  artifactKey: Guid(0386a036705852b42a0e451df7687fea) Importer(815301076,1909f56bfc062723c751e8b465ee728b)
Start importing Assets/Models/Etsy Logo.png using Guid(0386a036705852b42a0e451df7687fea) Importer(815301076,1909f56bfc062723c751e8b465ee728b)  -> (artifact id: '969ba0ee4c9d52d592dc2425b7705c93') in 0.018683 seconds 
========================================================================
Received Import Request.
  Time since last request: 18.357841 seconds.
  path: Assets/Models/Stacob@3x1.png
  artifactKey: Guid(fd00b83f9b3dcbd458f7d408f55c4c29) Importer(815301076,1909f56bfc062723c751e8b465ee728b)
Start importing Assets/Models/Stacob@3x1.png using Guid(fd00b83f9b3dcbd458f7d408f55c4c29) Importer(815301076,1909f56bfc062723c751e8b465ee728b)  -> (artifact id: 'ad7887c6e6996ebca1f53b67089fcbbd') in 0.021377 seconds 
========================================================================
Received Import Request.
  Time since last request: 9.028244 seconds.
  path: Assets/ExampleAssets/Textures/Plastic/Plastic_AlbedoSmoothness.tif
  artifactKey: Guid(1f89fed00b6bc904c861ab847a811cb8) Importer(815301076,1909f56bfc062723c751e8b465ee728b)
Start importing Assets/ExampleAssets/Textures/Plastic/Plastic_AlbedoSmoothness.tif using Guid(1f89fed00b6bc904c861ab847a811cb8) Importer(815301076,1909f56bfc062723c751e8b465ee728b)  -> (artifact id: 'c0cda1788b65efba3fd5fb63b837d097') in 0.019187 seconds 
========================================================================
Received Import Request.
  Time since last request: 0.000256 seconds.
  path: Assets/ExampleAssets/Textures/Wood/Plywood_MetallicOcculusionSmoothness.tif
  artifactKey: Guid(2e38f7921b7d7b1418ab63c08117ffb8) Importer(815301076,1909f56bfc062723c751e8b465ee728b)
Start importing Assets/ExampleAssets/Textures/Wood/Plywood_MetallicOcculusionSmoothness.tif using Guid(2e38f7921b7d7b1418ab63c08117ffb8) Importer(815301076,1909f56bfc062723c751e8b465ee728b)  -> (artifact id: 'da592f5a3cca13ce0f4a3aef9b728fe2') in 0.022159 seconds 
========================================================================
Received Import Request.
  Time since last request: 0.000271 seconds.
  path: Assets/ExampleAssets/Textures/Wood/Plywood_Albedo.tif
  artifactKey: Guid(9644eb6aca67672449e2bcbb0eab8e84) Importer(815301076,1909f56bfc062723c751e8b465ee728b)
Start importing Assets/ExampleAssets/Textures/Wood/Plywood_Albedo.tif using Guid(9644eb6aca67672449e2bcbb0eab8e84) Importer(815301076,1909f56bfc062723c751e8b465ee728b)  -> (artifact id: 'b0e7f32e8f56544fef238d262b1f8216') in 0.021226 seconds 
========================================================================
Received Import Request.
  Time since last request: 0.000192 seconds.
  path: Assets/ExampleAssets/Textures/Plastic/PlasticRidges_Normal.tif
  artifactKey: Guid(c021d051fa0cba84282b4a2577aa85c5) Importer(815301076,1909f56bfc062723c751e8b465ee728b)
Start importing Assets/ExampleAssets/Textures/Plastic/PlasticRidges_Normal.tif using Guid(c021d051fa0cba84282b4a2577aa85c5) Importer(815301076,1909f56bfc062723c751e8b465ee728b)  -> (artifact id: '281582b47edfcd18f4ea5dab5bc5c156') in 0.018901 seconds 
========================================================================
Received Import Request.
  Time since last request: 0.000253 seconds.
  path: Assets/ExampleAssets/Textures/Wood/Plywood_Normal.tif
  artifactKey: Guid(2148396b133b56f40baa7ea4fd22982a) Importer(815301076,1909f56bfc062723c751e8b465ee728b)
Start importing Assets/ExampleAssets/Textures/Wood/Plywood_Normal.tif using Guid(2148396b133b56f40baa7ea4fd22982a) Importer(815301076,1909f56bfc062723c751e8b465ee728b)  -> (artifact id: '49b63c4232efddf91e9f083ed35d659f') in 0.019888 seconds 
========================================================================
Received Import Request.
  Time since last request: 0.000214 seconds.
  path: Assets/ExampleAssets/Textures/Plastic/PlasticRough_Albedo.tif
  artifactKey: Guid(fe547a183eb07104e8d66a3fc64a8fec) Importer(815301076,1909f56bfc062723c751e8b465ee728b)
Start importing Assets/ExampleAssets/Textures/Plastic/PlasticRough_Albedo.tif using Guid(fe547a183eb07104e8d66a3fc64a8fec) Importer(815301076,1909f56bfc062723c751e8b465ee728b)  -> (artifact id: '97c508b1e285cc6363ebb309967ca380') in 0.021276 seconds 
========================================================================
Received Import Request.
  Time since last request: 0.000248 seconds.
  path: Assets/ExampleAssets/Textures/Props/HardHat/SafetyHat_MetallicOcculusionSmoothness.tif
  artifactKey: Guid(6f61f8dd4499250438f1aa39448e860a) Importer(815301076,1909f56bfc062723c751e8b465ee728b)
Start importing Assets/ExampleAssets/Textures/Props/HardHat/SafetyHat_MetallicOcculusionSmoothness.tif using Guid(6f61f8dd4499250438f1aa39448e860a) Importer(815301076,1909f56bfc062723c751e8b465ee728b)  -> (artifact id: 'e39d0fcde198cae3ac1aa0efdff2dcb8') in 0.021140 seconds 
========================================================================
Received Import Request.
  Time since last request: 0.000192 seconds.
  path: Assets/ExampleAssets/Textures/Plastic/PlasticRidges_Albedo.tif
  artifactKey: Guid(718bd4a766a9fae41816a9b1aac2b717) Importer(815301076,1909f56bfc062723c751e8b465ee728b)
Start importing Assets/ExampleAssets/Textures/Plastic/PlasticRidges_Albedo.tif using Guid(718bd4a766a9fae41816a9b1aac2b717) Importer(815301076,1909f56bfc062723c751e8b465ee728b)  -> (artifact id: '4843432cf206da916b42fd0c9899a59c') in 0.020666 seconds 
========================================================================
Received Import Request.
  Time since last request: 0.000243 seconds.
  path: Assets/ExampleAssets/Textures/Plastic/Plastic_Normal.tif
  artifactKey: Guid(e109905c411b0f84e82eaaf2705ece30) Importer(815301076,1909f56bfc062723c751e8b465ee728b)
Start importing Assets/ExampleAssets/Textures/Plastic/Plastic_Normal.tif using Guid(e109905c411b0f84e82eaaf2705ece30) Importer(815301076,1909f56bfc062723c751e8b465ee728b)  -> (artifact id: '6d4bf7b1e5ef97a561e31ad71e315474') in 0.020247 seconds 
========================================================================
Received Import Request.
  Time since last request: 0.000229 seconds.
  path: Assets/ExampleAssets/Textures/Props/HardHat/SafetyHat_Albedo.tif
  artifactKey: Guid(dd61af2ec9847eb4d8e17529fa61b143) Importer(815301076,1909f56bfc062723c751e8b465ee728b)
Start importing Assets/ExampleAssets/Textures/Props/HardHat/SafetyHat_Albedo.tif using Guid(dd61af2ec9847eb4d8e17529fa61b143) Importer(815301076,1909f56bfc062723c751e8b465ee728b)  -> (artifact id: '55b986807e4dbf766db1ebc023b0ae7b') in 0.019769 seconds 
========================================================================
Received Import Request.
  Time since last request: 0.000255 seconds.
  path: Assets/ExampleAssets/Textures/Plastic/PlasticRidges_MetallicOcculusionSmoothness.tif
  artifactKey: Guid(201c1f77fe872924a86132486bc97e82) Importer(815301076,1909f56bfc062723c751e8b465ee728b)
Start importing Assets/ExampleAssets/Textures/Plastic/PlasticRidges_MetallicOcculusionSmoothness.tif using Guid(201c1f77fe872924a86132486bc97e82) Importer(815301076,1909f56bfc062723c751e8b465ee728b)  -> (artifact id: '063b325a5c88a33a8f9131f7e098bbaf') in 0.019526 seconds 
========================================================================
Received Import Request.
  Time since last request: 0.000177 seconds.
  path: Assets/ExampleAssets/Textures/Props/HardHat/SafetyHat_Normal.tif
  artifactKey: Guid(d608c45da8580c9408ee50eb9a8c40f3) Importer(815301076,1909f56bfc062723c751e8b465ee728b)
Start importing Assets/ExampleAssets/Textures/Props/HardHat/SafetyHat_Normal.tif using Guid(d608c45da8580c9408ee50eb9a8c40f3) Importer(815301076,1909f56bfc062723c751e8b465ee728b)  -> (artifact id: 'dae3225c32d9964e8cfb9ba83860a3b0') in 0.019562 seconds 
========================================================================
Received Import Request.
  Time since last request: 0.000281 seconds.
  path: Assets/ExampleAssets/Textures/Plastic/PlasticRough_MetallicOcculusionSmoothness.tif
  artifactKey: Guid(ee7680f1374ab4449b6d5f6b2c2c1936) Importer(815301076,1909f56bfc062723c751e8b465ee728b)
Start importing Assets/ExampleAssets/Textures/Plastic/PlasticRough_MetallicOcculusionSmoothness.tif using Guid(ee7680f1374ab4449b6d5f6b2c2c1936) Importer(815301076,1909f56bfc062723c751e8b465ee728b)  -> (artifact id: 'b78a756987720954097fe4b3210008b3') in 0.020562 seconds 
========================================================================
Received Import Request.
  Time since last request: 0.000222 seconds.
  path: Assets/ExampleAssets/Textures/Light_Cookie/Spotlight_Cookie.tif
  artifactKey: Guid(8e34454a458313a44b4ebf0f2daea16c) Importer(815301076,1909f56bfc062723c751e8b465ee728b)
Start importing Assets/ExampleAssets/Textures/Light_Cookie/Spotlight_Cookie.tif using Guid(8e34454a458313a44b4ebf0f2daea16c) Importer(815301076,1909f56bfc062723c751e8b465ee728b)  -> (artifact id: '5bfa4cf983638ac2fd9a0c48d30bc0ee') in 0.021090 seconds 
========================================================================
Received Import Request.
  Time since last request: 0.475070 seconds.
  path: Assets/ExampleAssets/Textures/Props/Paint/Paintbrush_Normal.tif
  artifactKey: Guid(09e745bf0b8ff6a4bb5785d14168289a) Importer(815301076,1909f56bfc062723c751e8b465ee728b)
Start importing Assets/ExampleAssets/Textures/Props/Paint/Paintbrush_Normal.tif using Guid(09e745bf0b8ff6a4bb5785d14168289a) Importer(815301076,1909f56bfc062723c751e8b465ee728b)  -> (artifact id: '240873e89a532f9d51cdbcb5fad7d158') in 0.020508 seconds 
========================================================================
Received Import Request.
  Time since last request: 0.000273 seconds.
  path: Assets/ExampleAssets/Textures/Props/Paint/Paint5G_AlbedoSmoothness.tif
  artifactKey: Guid(28945063b832a284d990b0d719c61ac6) Importer(815301076,1909f56bfc062723c751e8b465ee728b)
Start importing Assets/ExampleAssets/Textures/Props/Paint/Paint5G_AlbedoSmoothness.tif using Guid(28945063b832a284d990b0d719c61ac6) Importer(815301076,1909f56bfc062723c751e8b465ee728b)  -> (artifact id: '3f77216c651a045b1db1a67830a38034') in 0.020413 seconds 
========================================================================
Received Import Request.
  Time since last request: 0.000199 seconds.
  path: Assets/ExampleAssets/Textures/Props/Paint/Paint1G_Normal.tif
  artifactKey: Guid(ac80c335ebd6dde4fa54a82050064545) Importer(815301076,1909f56bfc062723c751e8b465ee728b)
Start importing Assets/ExampleAssets/Textures/Props/Paint/Paint1G_Normal.tif using Guid(ac80c335ebd6dde4fa54a82050064545) Importer(815301076,1909f56bfc062723c751e8b465ee728b)  -> (artifact id: 'e875a1e662464218cee541f733f37f01') in 0.018494 seconds 
========================================================================
Received Import Request.
  Time since last request: 0.000441 seconds.
  path: Assets/ExampleAssets/Textures/Props/Paint/Paintbrush_MetallicOcculusionSmoothness.tif
  artifactKey: Guid(888916a5e87c05948b1a97b3c0d42556) Importer(815301076,1909f56bfc062723c751e8b465ee728b)
Start importing Assets/ExampleAssets/Textures/Props/Paint/Paintbrush_MetallicOcculusionSmoothness.tif using Guid(888916a5e87c05948b1a97b3c0d42556) Importer(815301076,1909f56bfc062723c751e8b465ee728b)  -> (artifact id: '76325aebfcafae31b439f28c8d290384') in 0.019138 seconds 
========================================================================
Received Import Request.
  Time since last request: 0.000187 seconds.
  path: Assets/ExampleAssets/Textures/Props/Paint/Paintbrush_Albedo.tif
  artifactKey: Guid(4675081b0baf66345adc734388155502) Importer(815301076,1909f56bfc062723c751e8b465ee728b)
Start importing Assets/ExampleAssets/Textures/Props/Paint/Paintbrush_Albedo.tif using Guid(4675081b0baf66345adc734388155502) Importer(815301076,1909f56bfc062723c751e8b465ee728b)  -> (artifact id: '2750afd4018779265cab05be68612b87') in 0.020541 seconds 
========================================================================
Received Import Request.
  Time since last request: 0.157796 seconds.
  path: Assets/ExampleAssets/Textures/Wood/OBS_MetallicOcculusionSmoothness.tif
  artifactKey: Guid(22638a9216f1ebf4cb43273a00879f51) Importer(815301076,1909f56bfc062723c751e8b465ee728b)
Start importing Assets/ExampleAssets/Textures/Wood/OBS_MetallicOcculusionSmoothness.tif using Guid(22638a9216f1ebf4cb43273a00879f51) Importer(815301076,1909f56bfc062723c751e8b465ee728b)  -> (artifact id: '55ee020ea0f31745143bee1d9d74d895') in 0.018714 seconds 
========================================================================
Received Import Request.
  Time since last request: 0.000173 seconds.
  path: Assets/ExampleAssets/Textures/Wood/OBS_Albedo.tif
  artifactKey: Guid(7140a9bc83a12ea49a081dda89216fff) Importer(815301076,1909f56bfc062723c751e8b465ee728b)
Start importing Assets/ExampleAssets/Textures/Wood/OBS_Albedo.tif using Guid(7140a9bc83a12ea49a081dda89216fff) Importer(815301076,1909f56bfc062723c751e8b465ee728b)  -> (artifact id: 'c367b0a3047a1a9b60cadf5d1d22dd98') in 0.020154 seconds 
========================================================================
Received Import Request.
  Time since last request: 0.000208 seconds.
  path: Assets/ExampleAssets/Textures/Wood/OBS_Normal.tif
  artifactKey: Guid(fcce267dfc966b6408dc2ebe0cfb60ed) Importer(815301076,1909f56bfc062723c751e8b465ee728b)
Start importing Assets/ExampleAssets/Textures/Wood/OBS_Normal.tif using Guid(fcce267dfc966b6408dc2ebe0cfb60ed) Importer(815301076,1909f56bfc062723c751e8b465ee728b)  -> (artifact id: 'fd40ab15181d1ec074bb3fb11e9d3656') in 0.018798 seconds 
========================================================================
Received Import Request.
  Time since last request: 0.000171 seconds.
  path: Assets/ExampleAssets/Textures/Props/Paint/Paint1G_MetallicOcculusionSmoothness.tif
  artifactKey: Guid(239847be36985ae4bb8f96e0379ca11c) Importer(815301076,1909f56bfc062723c751e8b465ee728b)
Start importing Assets/ExampleAssets/Textures/Props/Paint/Paint1G_MetallicOcculusionSmoothness.tif using Guid(239847be36985ae4bb8f96e0379ca11c) Importer(815301076,1909f56bfc062723c751e8b465ee728b)  -> (artifact id: '86f5d02ac04d1985d7bddce5fbf070ff') in 0.021381 seconds 
========================================================================
Received Import Request.
  Time since last request: 0.000177 seconds.
  path: Assets/ExampleAssets/Textures/Metal/Metal_MetallicSmoothness.tif
  artifactKey: Guid(40da0395b61db4448b98bab66d6b549c) Importer(815301076,1909f56bfc062723c751e8b465ee728b)
Start importing Assets/ExampleAssets/Textures/Metal/Metal_MetallicSmoothness.tif using Guid(40da0395b61db4448b98bab66d6b549c) Importer(815301076,1909f56bfc062723c751e8b465ee728b)  -> (artifact id: '46dcd190c7e671b52946fc2e585c1e4c') in 0.019817 seconds 
========================================================================
Received Import Request.
  Time since last request: 0.000168 seconds.
  path: Assets/ExampleAssets/Textures/Metal/Metal_Normal.tif
  artifactKey: Guid(3b0b7c1f4ac9f6b499e27cf84e722ff4) Importer(815301076,1909f56bfc062723c751e8b465ee728b)
Start importing Assets/ExampleAssets/Textures/Metal/Metal_Normal.tif using Guid(3b0b7c1f4ac9f6b499e27cf84e722ff4) Importer(815301076,1909f56bfc062723c751e8b465ee728b)  -> (artifact id: 'a63369b5296de0d66ff69520a04f8e35') in 0.017776 seconds 
========================================================================
Received Import Request.
  Time since last request: 0.000262 seconds.
  path: Assets/ExampleAssets/Textures/Props/Paint/Paint1G_Albedo.tif
  artifactKey: Guid(c85d10818dc8dc64ab064fa03b3649ea) Importer(815301076,1909f56bfc062723c751e8b465ee728b)
Start importing Assets/ExampleAssets/Textures/Props/Paint/Paint1G_Albedo.tif using Guid(c85d10818dc8dc64ab064fa03b3649ea) Importer(815301076,1909f56bfc062723c751e8b465ee728b)  -> (artifact id: '1ce246c59e1ba5c806cb5de08c9e10e5') in 0.020566 seconds 
========================================================================
Received Import Request.
  Time since last request: 35.909962 seconds.
  path: Assets/Character Controller.prefab
  artifactKey: Guid(1324038f036c0934faa858a18a51ed3f) Importer(815301076,1909f56bfc062723c751e8b465ee728b)
Start importing Assets/Character Controller.prefab using Guid(1324038f036c0934faa858a18a51ed3f) Importer(815301076,1909f56bfc062723c751e8b465ee728b)  -> (artifact id: '0ceb3a118144b07bf54fd9ef70f60c25') in 0.035915 seconds 
========================================================================
Received Prepare
Registering precompiled user dll's ...
Registered in 0.004283 seconds.
Begin MonoManager ReloadAssembly
Native extension for WindowsStandalone target not found
Native extension for WebGL target not found
Refreshing native plugins compatible for Editor in 0.55 ms, found 1 plugins.
Preloading 0 native plugins for Editor in 0.00 ms.
Mono: successfully reloaded assembly
- Completed reload, in  1.157 seconds
Platform modules already initialized, skipping
Refreshing native plugins compatible for Editor in 0.53 ms, found 1 plugins.
Preloading 0 native plugins for Editor in 0.00 ms.
Unloading 2721 Unused Serialized files (Serialized files now loaded: 0)
System memory in use before: 145.2 MB.
System memory in use after: 145.4 MB.

Unloading 10 unused Assets to reduce memory usage. Loaded Objects now: 3926.
Total: 2.939400 ms (FindLiveObjects: 0.360800 ms CreateObjectMapping: 0.104300 ms MarkObjects: 2.409800 ms  DeleteObjects: 0.062900 ms)

========================================================================
Received Prepare
Registering precompiled user dll's ...
Registered in 0.005084 seconds.
Begin MonoManager ReloadAssembly
Native extension for WindowsStandalone target not found
Native extension for WebGL target not found
Refreshing native plugins compatible for Editor in 0.56 ms, found 1 plugins.
Preloading 0 native plugins for Editor in 0.00 ms.
Mono: successfully reloaded assembly
- Completed reload, in  1.171 seconds
Platform modules already initialized, skipping
Refreshing native plugins compatible for Editor in 0.57 ms, found 1 plugins.
Preloading 0 native plugins for Editor in 0.00 ms.
Unloading 2673 Unused Serialized files (Serialized files now loaded: 0)
System memory in use before: 143.7 MB.
System memory in use after: 143.9 MB.

Unloading 10 unused Assets to reduce memory usage. Loaded Objects now: 3929.
Total: 2.981300 ms (FindLiveObjects: 0.350800 ms CreateObjectMapping: 0.088300 ms MarkObjects: 2.471300 ms  DeleteObjects: 0.069800 ms)

AssetImportWorkerClient::OnTransportError - code=2 error=End of file
